\BOOKMARK [0][-]{chapter.1}{Modelo de Negocios}{}% 1
\BOOKMARK [1][-]{section.1.1}{Glosario de T\351rminos del Negocio}{chapter.1}% 2
\BOOKMARK [1][-]{section.1.2}{Hechos del Negocio}{chapter.1}% 3
\BOOKMARK [1][-]{section.1.3}{Reglas de Negocio}{chapter.1}% 4
\BOOKMARK [0][-]{chapter.2}{Modelo de Casos de Uso}{}% 5
\BOOKMARK [1][-]{section.2.1}{CU1 Registrar cliente.}{chapter.2}% 6
\BOOKMARK [2][-]{subsection.2.1.1}{Descripci\363n completa}{section.2.1}% 7
\BOOKMARK [2][-]{subsection.2.1.2}{Atributos importantes}{section.2.1}% 8
\BOOKMARK [2][-]{subsection.2.1.3}{Trayectorias del Caso de Uso}{section.2.1}% 9
\BOOKMARK [1][-]{section.2.2}{CU2 Consultar datos del cliente.}{chapter.2}% 10
\BOOKMARK [2][-]{subsection.2.2.1}{Descripci\363n completa}{section.2.2}% 11
\BOOKMARK [2][-]{subsection.2.2.2}{Atributos importantes}{section.2.2}% 12
\BOOKMARK [2][-]{subsection.2.2.3}{Trayectorias del Caso de Uso}{section.2.2}% 13
\BOOKMARK [1][-]{section.2.3}{CU3 Actualizar datos del cliente.}{chapter.2}% 14
\BOOKMARK [2][-]{subsection.2.3.1}{Descripci\363n completa}{section.2.3}% 15
\BOOKMARK [2][-]{subsection.2.3.2}{Atributos importantes}{section.2.3}% 16
\BOOKMARK [2][-]{subsection.2.3.3}{Trayectorias del Caso de Uso}{section.2.3}% 17
\BOOKMARK [1][-]{section.2.4}{CU4 Dar de baja un cliente.}{chapter.2}% 18
\BOOKMARK [2][-]{subsection.2.4.1}{Descripci\363n completa}{section.2.4}% 19
\BOOKMARK [2][-]{subsection.2.4.2}{Atributos importantes}{section.2.4}% 20
\BOOKMARK [2][-]{subsection.2.4.3}{Trayectorias del Caso de Uso}{section.2.4}% 21
\BOOKMARK [1][-]{section.2.5}{CU6.0 Consultar \301reas Registradas}{chapter.2}% 22
\BOOKMARK [2][-]{subsection.2.5.1}{Descripci\363n completa}{section.2.5}% 23
\BOOKMARK [2][-]{subsection.2.5.2}{Atributos importantes}{section.2.5}% 24
\BOOKMARK [2][-]{subsection.2.5.3}{Trayectorias del Caso de Uso}{section.2.5}% 25
\BOOKMARK [1][-]{section.2.6}{CU7.0 Registrar \341reas}{chapter.2}% 26
\BOOKMARK [2][-]{subsection.2.6.1}{Descripci\363n completa}{section.2.6}% 27
\BOOKMARK [2][-]{subsection.2.6.2}{Atributos importantes}{section.2.6}% 28
\BOOKMARK [2][-]{subsection.2.6.3}{Trayectorias del Caso de Uso}{section.2.6}% 29
\BOOKMARK [1][-]{section.2.7}{CU8.0 Eliminar \341reas}{chapter.2}% 30
\BOOKMARK [2][-]{subsection.2.7.1}{Descripci\363n completa}{section.2.7}% 31
\BOOKMARK [2][-]{subsection.2.7.2}{Atributos importantes}{section.2.7}% 32
\BOOKMARK [2][-]{subsection.2.7.3}{Trayectorias del Caso de Uso}{section.2.7}% 33
\BOOKMARK [1][-]{section.2.8}{CU9.0 Actualizar datos de \341rea}{chapter.2}% 34
\BOOKMARK [2][-]{subsection.2.8.1}{Descripci\363n completa}{section.2.8}% 35
\BOOKMARK [2][-]{subsection.2.8.2}{Atributos importantes}{section.2.8}% 36
\BOOKMARK [2][-]{subsection.2.8.3}{Trayectorias del Caso de Uso}{section.2.8}% 37
\BOOKMARK [1][-]{section.2.9}{CU10.0 Desactivar \341rea}{chapter.2}% 38
\BOOKMARK [2][-]{subsection.2.9.1}{Descripci\363n completa}{section.2.9}% 39
\BOOKMARK [2][-]{subsection.2.9.2}{Atributos importantes}{section.2.9}% 40
\BOOKMARK [2][-]{subsection.2.9.3}{Trayectorias del Caso de Uso}{section.2.9}% 41
\BOOKMARK [1][-]{section.2.10}{CU11 Registrar en el sistema una nueva sucursal.}{chapter.2}% 42
\BOOKMARK [2][-]{subsection.2.10.1}{Descripci\363n completa}{section.2.10}% 43
\BOOKMARK [2][-]{subsection.2.10.2}{Atributos importantes}{section.2.10}% 44
\BOOKMARK [2][-]{subsection.2.10.3}{Trayectorias del Caso de Uso}{section.2.10}% 45
\BOOKMARK [1][-]{section.2.11}{CU12 Actualizar los datos de una sucursal.}{chapter.2}% 46
\BOOKMARK [2][-]{subsection.2.11.1}{Descripci\363n completa}{section.2.11}% 47
\BOOKMARK [2][-]{subsection.2.11.2}{Atributos importantes}{section.2.11}% 48
\BOOKMARK [2][-]{subsection.2.11.3}{Trayectorias del Caso de Uso}{section.2.11}% 49
\BOOKMARK [1][-]{section.2.12}{CU13 Baja de sucursal.}{chapter.2}% 50
\BOOKMARK [2][-]{subsection.2.12.1}{Descripci\363n completa}{section.2.12}% 51
\BOOKMARK [2][-]{subsection.2.12.2}{Atributos importantes}{section.2.12}% 52
\BOOKMARK [2][-]{subsection.2.12.3}{Trayectorias del Caso de Uso}{section.2.12}% 53
\BOOKMARK [1][-]{section.2.13}{CU14 Ubicar geogr\341ficamente una sucursal}{chapter.2}% 54
\BOOKMARK [2][-]{subsection.2.13.1}{Descripci\363n completa}{section.2.13}% 55
\BOOKMARK [2][-]{subsection.2.13.2}{Atributos importantes}{section.2.13}% 56
\BOOKMARK [2][-]{subsection.2.13.3}{Trayectorias del Caso de Uso}{section.2.13}% 57
\BOOKMARK [1][-]{section.2.14}{CU15 Eliminar del sistema una sucursal.}{chapter.2}% 58
\BOOKMARK [2][-]{subsection.2.14.1}{Descripci\363n completa}{section.2.14}% 59
\BOOKMARK [2][-]{subsection.2.14.2}{Atributos importantes}{section.2.14}% 60
\BOOKMARK [2][-]{subsection.2.14.3}{Trayectorias del Caso de Uso}{section.2.14}% 61
\BOOKMARK [1][-]{section.2.15}{CU21 Alta de un curso}{chapter.2}% 62
\BOOKMARK [2][-]{subsection.2.15.1}{Descripci\363n completa}{section.2.15}% 63
\BOOKMARK [2][-]{subsection.2.15.2}{Atributos importantes}{section.2.15}% 64
\BOOKMARK [2][-]{subsection.2.15.3}{Trayectorias del Caso de Uso}{section.2.15}% 65
\BOOKMARK [1][-]{section.2.16}{CU22 Baja de un curso}{chapter.2}% 66
\BOOKMARK [2][-]{subsection.2.16.1}{Descripci\363n completa}{section.2.16}% 67
\BOOKMARK [2][-]{subsection.2.16.2}{Atributos importantes}{section.2.16}% 68
\BOOKMARK [2][-]{subsection.2.16.3}{Trayectorias del Caso de Uso}{section.2.16}% 69
\BOOKMARK [1][-]{section.2.17}{CU23 Moficar un curso}{chapter.2}% 70
\BOOKMARK [2][-]{subsection.2.17.1}{Descripci\363n completa}{section.2.17}% 71
\BOOKMARK [2][-]{subsection.2.17.2}{Atributos importantes}{section.2.17}% 72
\BOOKMARK [2][-]{subsection.2.17.3}{Trayectorias del Caso de Uso}{section.2.17}% 73
\BOOKMARK [1][-]{section.2.18}{CU24 Consultar un Curso}{chapter.2}% 74
\BOOKMARK [2][-]{subsection.2.18.1}{Descripci\363n completa}{section.2.18}% 75
\BOOKMARK [2][-]{subsection.2.18.2}{Atributos importantes}{section.2.18}% 76
\BOOKMARK [2][-]{subsection.2.18.3}{Trayectorias del Caso de Uso}{section.2.18}% 77
\BOOKMARK [1][-]{section.2.19}{CU25 Inscribir cliente a un curso}{chapter.2}% 78
\BOOKMARK [2][-]{subsection.2.19.1}{Descripci\363n completa}{section.2.19}% 79
\BOOKMARK [2][-]{subsection.2.19.2}{Atributos importantes}{section.2.19}% 80
\BOOKMARK [2][-]{subsection.2.19.3}{Trayectorias del Caso de Uso}{section.2.19}% 81
\BOOKMARK [1][-]{section.2.20}{CU26 Registrar pago de membres\355a en sucursal.}{chapter.2}% 82
\BOOKMARK [2][-]{subsection.2.20.1}{Descripci\363n completa}{section.2.20}% 83
\BOOKMARK [2][-]{subsection.2.20.2}{Atributos importantes}{section.2.20}% 84
\BOOKMARK [2][-]{subsection.2.20.3}{Trayectorias del Caso de Uso}{section.2.20}% 85
\BOOKMARK [1][-]{section.2.21}{CU28.0 Registrar ingreso a \341rea}{chapter.2}% 86
\BOOKMARK [2][-]{subsection.2.21.1}{Descripci\363n completa}{section.2.21}% 87
\BOOKMARK [2][-]{subsection.2.21.2}{Atributos importantes}{section.2.21}% 88
\BOOKMARK [2][-]{subsection.2.21.3}{Trayectorias del Caso de Uso}{section.2.21}% 89
\BOOKMARK [1][-]{section.2.22}{CU29.0 Registrar salida de \341rea}{chapter.2}% 90
\BOOKMARK [2][-]{subsection.2.22.1}{Descripci\363n completa}{section.2.22}% 91
\BOOKMARK [2][-]{subsection.2.22.2}{Atributos importantes}{section.2.22}% 92
\BOOKMARK [2][-]{subsection.2.22.3}{Trayectorias del Caso de Uso}{section.2.22}% 93
\BOOKMARK [1][-]{section.2.23}{CU30 Registrar usuarios por area}{chapter.2}% 94
\BOOKMARK [2][-]{subsection.2.23.1}{Descripci\363n completa}{section.2.23}% 95
\BOOKMARK [2][-]{subsection.2.23.2}{Atributos importantes}{section.2.23}% 96
\BOOKMARK [2][-]{subsection.2.23.3}{Trayectorias del Caso de Uso}{section.2.23}% 97
\BOOKMARK [1][-]{section.2.24}{CU31 Ingresar al sistema.}{chapter.2}% 98
\BOOKMARK [2][-]{subsection.2.24.1}{Descripci\363n completa}{section.2.24}% 99
\BOOKMARK [2][-]{subsection.2.24.2}{Atributos importantes}{section.2.24}% 100
\BOOKMARK [2][-]{subsection.2.24.3}{Trayectorias del Caso de Uso}{section.2.24}% 101
\BOOKMARK [0][-]{chapter.3}{Modelo de la Interacci\363n}{}% 102
\BOOKMARK [1][-]{subsection.3.0.1}{IU21.0 Pantalla de Control de acceso Gerente de Sucursal}{chapter.3}% 103
\BOOKMARK [2][-]{subsection.3.0.2}{IU21.1 Pantalla principal de acceso a Gerente de Sucursal}{subsection.3.0.1}% 104
\BOOKMARK [2][-]{subsection.3.0.3}{IU21.2 Pantalla de alta de curso en el sistema}{subsection.3.0.1}% 105
\BOOKMARK [2][-]{subsection.3.0.4}{IU22.1 Baja de curso}{subsection.3.0.1}% 106
\BOOKMARK [2][-]{subsection.3.0.5}{IU23.1 Modificar un curso}{subsection.3.0.1}% 107
\BOOKMARK [2][-]{subsection.3.0.6}{IU24 Pantalla de Consultar un Curso}{subsection.3.0.1}% 108
\BOOKMARK [2][-]{subsection.3.0.7}{IU25 Pantalla de Inscribir cliente a curso}{subsection.3.0.1}% 109
\BOOKMARK [2][-]{subsection.3.0.8}{IU18 Pantalla de men\372 de ocpiones de la secci\363n \341reas.}{subsection.3.0.1}% 110
\BOOKMARK [2][-]{subsection.3.0.9}{IU19 Pantalla de registro de \341rea}{subsection.3.0.1}% 111
\BOOKMARK [2][-]{subsection.3.0.10}{IU20 Pantalla de Eliminar \341reas}{subsection.3.0.1}% 112
\BOOKMARK [2][-]{subsection.3.0.11}{IU22 Pantalla de Actualizaci\363n de \341reas}{subsection.3.0.1}% 113
\BOOKMARK [2][-]{subsection.3.0.12}{IU23 Pantalla de Control de Acceso}{subsection.3.0.1}% 114
\BOOKMARK [2][-]{subsection.3.0.13}{IU32 Pantalla de formulario para registro de nueva sucursal.}{subsection.3.0.1}% 115
\BOOKMARK [2][-]{subsection.3.0.14}{IU33 Pantalla de visualizaci\363n de sucursal en mapa.}{subsection.3.0.1}% 116
\BOOKMARK [2][-]{subsection.3.0.15}{IU34 A\361adir otro campo}{subsection.3.0.1}% 117
\BOOKMARK [2][-]{subsection.3.0.16}{IU35 A\361adir otro email}{subsection.3.0.1}% 118
\BOOKMARK [2][-]{subsection.3.0.17}{IU97 Pantalla para consultar sucursales registradas}{subsection.3.0.1}% 119
\BOOKMARK [2][-]{subsection.3.0.18}{IU37 P\341gina de inicio}{subsection.3.0.1}% 120
\BOOKMARK [2][-]{subsection.3.0.19}{IU38 Pantalla de opciones para la recepsionista}{subsection.3.0.1}% 121
\BOOKMARK [2][-]{subsection.3.0.20}{IU39 Pantalla para el registro del pago de membres\355a}{subsection.3.0.1}% 122
\BOOKMARK [2][-]{subsection.3.0.21}{IU99 Pantalla dar de baja sucursales}{subsection.3.0.1}% 123
\BOOKMARK [0][-]{chapter.4}{Modelo del Dominio del problema}{}% 124
